c:\users\syeda\onedrive - bowie state\misc\c++ review\norasfantasy\norasfantasy\debug\vc143.pdb
c:\users\syeda\onedrive - bowie state\misc\c++ review\norasfantasy\norasfantasy\debug\vc143.idb
c:\users\syeda\onedrive - bowie state\misc\c++ review\norasfantasy\norasfantasy\debug\soundmanager.obj
c:\users\syeda\onedrive - bowie state\misc\c++ review\norasfantasy\norasfantasy\debug\roundking.obj
c:\users\syeda\onedrive - bowie state\misc\c++ review\norasfantasy\norasfantasy\debug\res_path.obj
c:\users\syeda\onedrive - bowie state\misc\c++ review\norasfantasy\norasfantasy\debug\randomnumber.obj
c:\users\syeda\onedrive - bowie state\misc\c++ review\norasfantasy\norasfantasy\debug\main.obj
c:\users\syeda\onedrive - bowie state\misc\c++ review\norasfantasy\norasfantasy\debug\livingentity.obj
c:\users\syeda\onedrive - bowie state\misc\c++ review\norasfantasy\norasfantasy\debug\keyboardinput.obj
c:\users\syeda\onedrive - bowie state\misc\c++ review\norasfantasy\norasfantasy\debug\hero.obj
c:\users\syeda\onedrive - bowie state\misc\c++ review\norasfantasy\norasfantasy\debug\groupbuilder.obj
c:\users\syeda\onedrive - bowie state\misc\c++ review\norasfantasy\norasfantasy\debug\globals.obj
c:\users\syeda\onedrive - bowie state\misc\c++ review\norasfantasy\norasfantasy\debug\glob.obj
c:\users\syeda\onedrive - bowie state\misc\c++ review\norasfantasy\norasfantasy\debug\game.obj
c:\users\syeda\onedrive - bowie state\misc\c++ review\norasfantasy\norasfantasy\debug\frame.obj
c:\users\syeda\onedrive - bowie state\misc\c++ review\norasfantasy\norasfantasy\debug\entity.obj
c:\users\syeda\onedrive - bowie state\misc\c++ review\norasfantasy\norasfantasy\debug\drawing_functions.obj
c:\users\syeda\onedrive - bowie state\misc\c++ review\norasfantasy\norasfantasy\debug\cleanup.obj
c:\users\syeda\onedrive - bowie state\misc\c++ review\norasfantasy\norasfantasy\debug\cameracontroller.obj
c:\users\syeda\onedrive - bowie state\misc\c++ review\norasfantasy\norasfantasy\debug\bullet.obj
c:\users\syeda\onedrive - bowie state\misc\c++ review\norasfantasy\norasfantasy\debug\animationset.obj
c:\users\syeda\onedrive - bowie state\misc\c++ review\norasfantasy\norasfantasy\debug\animation.obj
c:\users\syeda\onedrive - bowie state\misc\c++ review\norasfantasy\norasfantasy\debug\wall.obj
c:\users\syeda\onedrive - bowie state\misc\c++ review\norasfantasy\norasfantasy\debug\timecontroller.obj
c:\users\syeda\onedrive - bowie state\misc\c++ review\norasfantasy\norasfantasy\debug\hpbar.obj
c:\users\syeda\onedrive - bowie state\misc\c++ review\norasfantasy\norasfantasy\debug\herohpbar.obj
c:\users\syeda\onedrive - bowie state\misc\c++ review\norasfantasy\norasfantasy\debug\grob.obj
c:\users\syeda\onedrive - bowie state\misc\c++ review\norasfantasy\debug\norasfantasy.exe
c:\users\syeda\onedrive - bowie state\misc\c++ review\norasfantasy\norasfantasy\debug\norasfantasy.ilk
c:\users\syeda\onedrive - bowie state\misc\c++ review\norasfantasy\debug\norasfantasy.pdb
c:\users\syeda\onedrive - bowie state\misc\c++ review\norasfantasy\norasfantasy\debug\norasfantasy.tlog\cl.command.1.tlog
c:\users\syeda\onedrive - bowie state\misc\c++ review\norasfantasy\norasfantasy\debug\norasfantasy.tlog\cl.items.tlog
c:\users\syeda\onedrive - bowie state\misc\c++ review\norasfantasy\norasfantasy\debug\norasfantasy.tlog\cl.read.1.tlog
c:\users\syeda\onedrive - bowie state\misc\c++ review\norasfantasy\norasfantasy\debug\norasfantasy.tlog\cl.write.1.tlog
c:\users\syeda\onedrive - bowie state\misc\c++ review\norasfantasy\norasfantasy\debug\norasfantasy.tlog\link.command.1.tlog
c:\users\syeda\onedrive - bowie state\misc\c++ review\norasfantasy\norasfantasy\debug\norasfantasy.tlog\link.read.1.tlog
c:\users\syeda\onedrive - bowie state\misc\c++ review\norasfantasy\norasfantasy\debug\norasfantasy.tlog\link.write.1.tlog
